d:\project\brepcad\src\debug\qrc_saribbonresouce.cpp
d:\project\brepcad\src\debug\moc\moc_guimanager.cpp
d:\project\brepcad\src\debug\moc\moc_windownsmanager.cpp
d:\project\brepcad\src\debug\moc\moc_partsolution.cpp
d:\project\brepcad\src\debug\brepcad.lib
d:\project\brepcad\src\debug\brepcad.exp
d:\project\brepcad\src\debug\main.obj
d:\project\brepcad\src\debug\ribbonmanager.obj
d:\project\brepcad\src\debug\guimanager.obj
d:\project\brepcad\src\debug\displaycore.obj
d:\project\brepcad\src\debug\partsolution.obj
d:\project\brepcad\src\debug\dockmodeltree.obj
d:\project\brepcad\src\debug\windownsmanager.obj
d:\project\brepcad\src\debug\vc141.pdb
d:\project\brepcad\src\debug\qrc_saribbonresouce.obj
d:\project\brepcad\src\debug\moc_guimanager.obj
d:\project\brepcad\src\debug\moc_partsolution.obj
d:\project\brepcad\src\debug\moc_windownsmanager.obj
d:\project\brepcad\src\debug\moc_predefs.h
d:\project\brepcad\src\debug\brepcad.pdb
d:\project\brepcad\src\debug\brepcad.tlog\brepcad.write.1u.tlog
d:\project\brepcad\src\debug\brepcad.tlog\cl.command.1.tlog
d:\project\brepcad\src\debug\brepcad.tlog\cl.read.1.tlog
d:\project\brepcad\src\debug\brepcad.tlog\cl.write.1.tlog
d:\project\brepcad\src\debug\brepcad.tlog\custombuild.command.1.tlog
d:\project\brepcad\src\debug\brepcad.tlog\custombuild.read.1.tlog
d:\project\brepcad\src\debug\brepcad.tlog\custombuild.write.1.tlog
d:\project\brepcad\src\debug\brepcad.tlog\link.9540.delete.1.tlog
d:\project\brepcad\src\debug\brepcad.tlog\link.command.1.tlog
d:\project\brepcad\src\debug\brepcad.tlog\link.read.1.tlog
d:\project\brepcad\src\debug\brepcad.tlog\link.write.1.tlog
d:\project\brepcad\src\debug\brepcad.tlog\moc.read.1u.tlog
d:\project\brepcad\src\debug\brepcad.tlog\moc.write.1u.tlog
d:\project\brepcad\src\debug\brepcad.tlog\rcc.read.1u.tlog
d:\project\brepcad\src\debug\brepcad.tlog\rcc.write.1u.tlog
