  Generate moc_predefs.h
  GuiManege.cpp
  WindownsManager.cpp
f:\宁波莱布尼茨项目\brepcad\src\windownsmanager.cpp : warning C4828: 文件包含在偏移 0xfa 处开始的字符，该字符在当前源字符集中无效(代码页 65001)。 (编译源文件 WindownsManager.cpp)
f:\宁波莱布尼茨项目\brepcad\src\windownsmanager.cpp : warning C4828: 文件包含在偏移 0xfb 处开始的字符，该字符在当前源字符集中无效(代码页 65001)。 (编译源文件 WindownsManager.cpp)
f:\宁波莱布尼茨项目\brepcad\src\windownsmanager.cpp : warning C4828: 文件包含在偏移 0xfe 处开始的字符，该字符在当前源字符集中无效(代码页 65001)。 (编译源文件 WindownsManager.cpp)
f:\宁波莱布尼茨项目\brepcad\src\windownsmanager.cpp : warning C4828: 文件包含在偏移 0xff 处开始的字符，该字符在当前源字符集中无效(代码页 65001)。 (编译源文件 WindownsManager.cpp)
f:\宁波莱布尼茨项目\brepcad\src\windownsmanager.cpp : warning C4828: 文件包含在偏移 0x100 处开始的字符，该字符在当前源字符集中无效(代码页 65001)。 (编译源文件 WindownsManager.cpp)
f:\宁波莱布尼茨项目\brepcad\src\windownsmanager.cpp : warning C4828: 文件包含在偏移 0x101 处开始的字符，该字符在当前源字符集中无效(代码页 65001)。 (编译源文件 WindownsManager.cpp)
f:\宁波莱布尼茨项目\brepcad\src\windownsmanager.cpp : warning C4828: 文件包含在偏移 0x102 处开始的字符，该字符在当前源字符集中无效(代码页 65001)。 (编译源文件 WindownsManager.cpp)
f:\宁波莱布尼茨项目\brepcad\src\windownsmanager.cpp : warning C4828: 文件包含在偏移 0x103 处开始的字符，该字符在当前源字符集中无效(代码页 65001)。 (编译源文件 WindownsManager.cpp)
f:\宁波莱布尼茨项目\brepcad\src\windownsmanager.cpp : warning C4828: 文件包含在偏移 0x104 处开始的字符，该字符在当前源字符集中无效(代码页 65001)。 (编译源文件 WindownsManager.cpp)
f:\宁波莱布尼茨项目\brepcad\src\windownsmanager.cpp : warning C4828: 文件包含在偏移 0x107 处开始的字符，该字符在当前源字符集中无效(代码页 65001)。 (编译源文件 WindownsManager.cpp)
f:\宁波莱布尼茨项目\brepcad\src\windownsmanager.cpp : warning C4828: 文件包含在偏移 0x108 处开始的字符，该字符在当前源字符集中无效(代码页 65001)。 (编译源文件 WindownsManager.cpp)
f:\宁波莱布尼茨项目\brepcad\src\windownsmanager.cpp : warning C4828: 文件包含在偏移 0x109 处开始的字符，该字符在当前源字符集中无效(代码页 65001)。 (编译源文件 WindownsManager.cpp)
f:\宁波莱布尼茨项目\brepcad\src\windownsmanager.cpp : warning C4828: 文件包含在偏移 0x10a 处开始的字符，该字符在当前源字符集中无效(代码页 65001)。 (编译源文件 WindownsManager.cpp)
f:\宁波莱布尼茨项目\brepcad\src\windownsmanager.cpp : warning C4828: 文件包含在偏移 0x10b 处开始的字符，该字符在当前源字符集中无效(代码页 65001)。 (编译源文件 WindownsManager.cpp)
f:\宁波莱布尼茨项目\brepcad\src\windownsmanager.cpp : warning C4828: 文件包含在偏移 0x10c 处开始的字符，该字符在当前源字符集中无效(代码页 65001)。 (编译源文件 WindownsManager.cpp)
f:\宁波莱布尼茨项目\brepcad\src\windownsmanager.cpp : warning C4828: 文件包含在偏移 0x114 处开始的字符，该字符在当前源字符集中无效(代码页 65001)。 (编译源文件 WindownsManager.cpp)
f:\宁波莱布尼茨项目\brepcad\src\windownsmanager.cpp : warning C4828: 文件包含在偏移 0x115 处开始的字符，该字符在当前源字符集中无效(代码页 65001)。 (编译源文件 WindownsManager.cpp)
f:\宁波莱布尼茨项目\brepcad\src\windownsmanager.cpp : warning C4828: 文件包含在偏移 0x116 处开始的字符，该字符在当前源字符集中无效(代码页 65001)。 (编译源文件 WindownsManager.cpp)
f:\宁波莱布尼茨项目\brepcad\src\windownsmanager.cpp : warning C4828: 文件包含在偏移 0x117 处开始的字符，该字符在当前源字符集中无效(代码页 65001)。 (编译源文件 WindownsManager.cpp)
f:\宁波莱布尼茨项目\brepcad\src\windownsmanager.cpp : warning C4828: 文件包含在偏移 0x118 处开始的字符，该字符在当前源字符集中无效(代码页 65001)。 (编译源文件 WindownsManager.cpp)
f:\宁波莱布尼茨项目\brepcad\src\windownsmanager.cpp : warning C4828: 文件包含在偏移 0x157 处开始的字符，该字符在当前源字符集中无效(代码页 65001)。 (编译源文件 WindownsManager.cpp)
f:\宁波莱布尼茨项目\brepcad\src\windownsmanager.cpp : warning C4828: 文件包含在偏移 0x158 处开始的字符，该字符在当前源字符集中无效(代码页 65001)。 (编译源文件 WindownsManager.cpp)
f:\宁波莱布尼茨项目\brepcad\src\windownsmanager.cpp : warning C4828: 文件包含在偏移 0x15b 处开始的字符，该字符在当前源字符集中无效(代码页 65001)。 (编译源文件 WindownsManager.cpp)
f:\宁波莱布尼茨项目\brepcad\src\windownsmanager.cpp : warning C4828: 文件包含在偏移 0x15c 处开始的字符，该字符在当前源字符集中无效(代码页 65001)。 (编译源文件 WindownsManager.cpp)
f:\宁波莱布尼茨项目\brepcad\src\windownsmanager.cpp : warning C4828: 文件包含在偏移 0x15d 处开始的字符，该字符在当前源字符集中无效(代码页 65001)。 (编译源文件 WindownsManager.cpp)
f:\宁波莱布尼茨项目\brepcad\src\windownsmanager.cpp : warning C4828: 文件包含在偏移 0x15e 处开始的字符，该字符在当前源字符集中无效(代码页 65001)。 (编译源文件 WindownsManager.cpp)
f:\宁波莱布尼茨项目\brepcad\src\windownsmanager.cpp : warning C4828: 文件包含在偏移 0x15f 处开始的字符，该字符在当前源字符集中无效(代码页 65001)。 (编译源文件 WindownsManager.cpp)
f:\宁波莱布尼茨项目\brepcad\src\windownsmanager.cpp : warning C4828: 文件包含在偏移 0x160 处开始的字符，该字符在当前源字符集中无效(代码页 65001)。 (编译源文件 WindownsManager.cpp)
f:\宁波莱布尼茨项目\brepcad\src\windownsmanager.cpp : warning C4828: 文件包含在偏移 0x161 处开始的字符，该字符在当前源字符集中无效(代码页 65001)。 (编译源文件 WindownsManager.cpp)
f:\宁波莱布尼茨项目\brepcad\src\windownsmanager.cpp : warning C4828: 文件包含在偏移 0x164 处开始的字符，该字符在当前源字符集中无效(代码页 65001)。 (编译源文件 WindownsManager.cpp)
f:\宁波莱布尼茨项目\brepcad\src\windownsmanager.cpp : warning C4828: 文件包含在偏移 0x165 处开始的字符，该字符在当前源字符集中无效(代码页 65001)。 (编译源文件 WindownsManager.cpp)
f:\宁波莱布尼茨项目\brepcad\src\windownsmanager.cpp : warning C4828: 文件包含在偏移 0x166 处开始的字符，该字符在当前源字符集中无效(代码页 65001)。 (编译源文件 WindownsManager.cpp)
f:\宁波莱布尼茨项目\brepcad\src\windownsmanager.cpp : warning C4828: 文件包含在偏移 0x167 处开始的字符，该字符在当前源字符集中无效(代码页 65001)。 (编译源文件 WindownsManager.cpp)
f:\宁波莱布尼茨项目\brepcad\src\windownsmanager.cpp : warning C4828: 文件包含在偏移 0x168 处开始的字符，该字符在当前源字符集中无效(代码页 65001)。 (编译源文件 WindownsManager.cpp)
f:\宁波莱布尼茨项目\brepcad\src\windownsmanager.cpp : warning C4828: 文件包含在偏移 0x169 处开始的字符，该字符在当前源字符集中无效(代码页 65001)。 (编译源文件 WindownsManager.cpp)
f:\宁波莱布尼茨项目\brepcad\src\windownsmanager.cpp : warning C4828: 文件包含在偏移 0x171 处开始的字符，该字符在当前源字符集中无效(代码页 65001)。 (编译源文件 WindownsManager.cpp)
f:\宁波莱布尼茨项目\brepcad\src\windownsmanager.cpp : warning C4828: 文件包含在偏移 0x172 处开始的字符，该字符在当前源字符集中无效(代码页 65001)。 (编译源文件 WindownsManager.cpp)
f:\宁波莱布尼茨项目\brepcad\src\windownsmanager.cpp : warning C4828: 文件包含在偏移 0x173 处开始的字符，该字符在当前源字符集中无效(代码页 65001)。 (编译源文件 WindownsManager.cpp)
f:\宁波莱布尼茨项目\brepcad\src\windownsmanager.cpp : warning C4828: 文件包含在偏移 0x174 处开始的字符，该字符在当前源字符集中无效(代码页 65001)。 (编译源文件 WindownsManager.cpp)
f:\宁波莱布尼茨项目\brepcad\src\windownsmanager.cpp : warning C4828: 文件包含在偏移 0x175 处开始的字符，该字符在当前源字符集中无效(代码页 65001)。 (编译源文件 WindownsManager.cpp)
f:\宁波莱布尼茨项目\brepcad\src\windownsmanager.cpp : warning C4828: 文件包含在偏移 0x1be 处开始的字符，该字符在当前源字符集中无效(代码页 65001)。 (编译源文件 WindownsManager.cpp)
f:\宁波莱布尼茨项目\brepcad\src\windownsmanager.cpp : warning C4828: 文件包含在偏移 0x1c1 处开始的字符，该字符在当前源字符集中无效(代码页 65001)。 (编译源文件 WindownsManager.cpp)
f:\宁波莱布尼茨项目\brepcad\src\windownsmanager.cpp : warning C4828: 文件包含在偏移 0x1c3 处开始的字符，该字符在当前源字符集中无效(代码页 65001)。 (编译源文件 WindownsManager.cpp)
f:\宁波莱布尼茨项目\brepcad\src\windownsmanager.cpp : warning C4828: 文件包含在偏移 0x1c4 处开始的字符，该字符在当前源字符集中无效(代码页 65001)。 (编译源文件 WindownsManager.cpp)
f:\宁波莱布尼茨项目\brepcad\src\windownsmanager.cpp : warning C4828: 文件包含在偏移 0x1c6 处开始的字符，该字符在当前源字符集中无效(代码页 65001)。 (编译源文件 WindownsManager.cpp)
f:\宁波莱布尼茨项目\brepcad\src\windownsmanager.cpp : warning C4828: 文件包含在偏移 0x1c7 处开始的字符，该字符在当前源字符集中无效(代码页 65001)。 (编译源文件 WindownsManager.cpp)
f:\宁波莱布尼茨项目\brepcad\src\windownsmanager.cpp : warning C4828: 文件包含在偏移 0x1ca 处开始的字符，该字符在当前源字符集中无效(代码页 65001)。 (编译源文件 WindownsManager.cpp)
f:\宁波莱布尼茨项目\brepcad\src\windownsmanager.cpp : warning C4828: 文件包含在偏移 0x1cb 处开始的字符，该字符在当前源字符集中无效(代码页 65001)。 (编译源文件 WindownsManager.cpp)
f:\宁波莱布尼茨项目\brepcad\src\guimanege.cpp(63): warning C4189: “__TMP_LASTTIMES”: 局部变量已初始化但不引用 (编译源文件 GuiManege.cpp)
f:\宁波莱布尼茨项目\brepcad\src\guimanege.cpp(181): warning C4189: “asd”: 局部变量已初始化但不引用 (编译源文件 GuiManege.cpp)
f:\宁波莱布尼茨项目\brepcad\src\guimanege.cpp(149): warning C4189: “screen_height”: 局部变量已初始化但不引用 (编译源文件 GuiManege.cpp)
f:\宁波莱布尼茨项目\brepcad\src\guimanege.cpp(148): warning C4189: “screen_width”: 局部变量已初始化但不引用 (编译源文件 GuiManege.cpp)
f:\宁波莱布尼茨项目\brepcad\src\guimanege.cpp(630): warning C4100: “b”: 未引用的形参 (编译源文件 GuiManege.cpp)
f:\宁波莱布尼茨项目\brepcad\src\guimanege.cpp(1038): warning C4100: “b”: 未引用的形参 (编译源文件 GuiManege.cpp)
  BrepCAD.vcxproj -> F:\宁波莱布尼茨项目\BrepCAD\src\debug\BrepCAD.exe
