d:\project\brepcad\src\sketcher\debug\sketcher.pdb
d:\project\brepcad\src\sketcher\debug\sketchermanager.obj
d:\project\brepcad\src\sketcher\debug\moc_sketchermanager.obj
d:\project\brepcad\src\sketcher\debug\sketcher.lib
f:\project\brepcad\src\sketcher\debug\moc\moc_sketchermanager.cpp
d:\project\brepcad\src\sketcher\debug\moc\moc_sketchermanager.cpp
f:\project\brepcad\src\sketcher\debug\sketchermanager.obj
f:\project\brepcad\src\sketcher\debug\sketcher.ilk
f:\project\brepcad\src\sketcher\debug\sketcher.pdb
f:\project\brepcad\src\sketcher\debug\vc141.pdb
f:\project\brepcad\src\sketcher\debug\sketcher.lib
f:\project\brepcad\src\sketcher\debug\sketcher.tlog\cl.command.1.tlog
f:\project\brepcad\src\sketcher\debug\sketcher.tlog\cl.read.1.tlog
f:\project\brepcad\src\sketcher\debug\sketcher.tlog\cl.write.1.tlog
f:\project\brepcad\src\sketcher\debug\sketcher.tlog\lib-link.read.1.tlog
f:\project\brepcad\src\sketcher\debug\sketcher.tlog\lib-link.write.1.tlog
f:\project\brepcad\src\sketcher\debug\sketcher.tlog\lib.command.1.tlog
f:\project\brepcad\src\sketcher\debug\sketcher.tlog\moc.read.1u.tlog
f:\project\brepcad\src\sketcher\debug\sketcher.tlog\moc.write.1u.tlog
f:\project\brepcad\src\sketcher\debug\sketcher.tlog\sketcher.write.1u.tlog
