d:\project\brepcad\src\saribbonbar\debug\moc_predefs.h
d:\project\brepcad\src\saribbonbar\debug\moc_saframelesshelper.cpp
d:\project\brepcad\src\saribbonbar\debug\moc_saribbonactionsmanager.cpp
d:\project\brepcad\src\saribbonbar\debug\moc_saribbonapplicationbutton.cpp
d:\project\brepcad\src\saribbonbar\debug\moc_saribbonbar.cpp
d:\project\brepcad\src\saribbonbar\debug\moc_saribbonbuttongroupwidget.cpp
d:\project\brepcad\src\saribbonbar\debug\moc_saribboncategory.cpp
d:\project\brepcad\src\saribbonbar\debug\moc_saribboncategorylayout.cpp
d:\project\brepcad\src\saribbonbar\debug\moc_saribboncheckbox.cpp
d:\project\brepcad\src\saribbonbar\debug\moc_saribboncombobox.cpp
d:\project\brepcad\src\saribbonbar\debug\moc_saribboncontextcategory.cpp
d:\project\brepcad\src\saribbonbar\debug\moc_saribboncontrolbutton.cpp
d:\project\brepcad\src\saribbonbar\debug\moc_saribbonctrlcontainer.cpp
d:\project\brepcad\src\saribbonbar\debug\moc_saribboncustomizedialog.cpp
d:\project\brepcad\src\saribbonbar\debug\moc_saribboncustomizewidget.cpp
d:\project\brepcad\src\saribbonbar\debug\moc_saribbongallery.cpp
d:\project\brepcad\src\saribbonbar\debug\moc_saribbongallerygroup.cpp
d:\project\brepcad\src\saribbonbar\debug\moc_saribbonlineedit.cpp
d:\project\brepcad\src\saribbonbar\debug\moc_saribbonmainwindow.cpp
d:\project\brepcad\src\saribbonbar\debug\moc_saribbonmenu.cpp
d:\project\brepcad\src\saribbonbar\debug\moc_saribbonpannel.cpp
d:\project\brepcad\src\saribbonbar\debug\moc_saribbonpannellayout.cpp
d:\project\brepcad\src\saribbonbar\debug\moc_saribbonpanneloptionbutton.cpp
d:\project\brepcad\src\saribbonbar\debug\moc_saribbonquickaccessbar.cpp
d:\project\brepcad\src\saribbonbar\debug\moc_saribbonseparatorwidget.cpp
d:\project\brepcad\src\saribbonbar\debug\moc_saribbonstackedwidget.cpp
d:\project\brepcad\src\saribbonbar\debug\moc_saribbontabbar.cpp
d:\project\brepcad\src\saribbonbar\debug\moc_saribbontoolbutton.cpp
d:\project\brepcad\src\saribbonbar\debug\moc_sawindowbuttongroup.cpp
d:\project\brepcad\src\saribbonbar\debug\qrc_resource.cpp
d:\project\brepcad\src\saribbonbar\debug\vc141.pdb
d:\project\brepcad\src\saribbonbar\debug\saribbonbar.tlog\cl.command.1.tlog
d:\project\brepcad\src\saribbonbar\debug\saribbonbar.tlog\custombuild.command.1.tlog
d:\project\brepcad\src\saribbonbar\debug\saribbonbar.tlog\custombuild.read.1.tlog
d:\project\brepcad\src\saribbonbar\debug\saribbonbar.tlog\custombuild.write.1.tlog
d:\project\brepcad\src\saribbonbar\debug\saribbonbar.tlog\moc.read.1u.tlog
d:\project\brepcad\src\saribbonbar\debug\saribbonbar.tlog\moc.write.1u.tlog
d:\project\brepcad\src\saribbonbar\debug\saribbonbar.tlog\rcc.read.1u.tlog
d:\project\brepcad\src\saribbonbar\debug\saribbonbar.tlog\rcc.write.1u.tlog
d:\project\brepcad\src\saribbonbar\debug\saribbonbar.tlog\saribbonbar.write.1u.tlog
