  Reading Qt configuration (E:/Qt/Qt5.13.2/5.13.2/msvc2017_64/bin/qmake)
  SAFramelessHelper.cpp
  SARibbonActionsManager.cpp
  SARibbonApplicationButton.cpp
  SARibbonBar.cpp
  SARibbonButtonGroupWidget.cpp
  SARibbonCategory.cpp
  SARibbonCategoryLayout.cpp
  SARibbonCheckBox.cpp
  SARibbonComboBox.cpp
  SARibbonContextCategory.cpp
  SARibbonControlButton.cpp
  SARibbonCtrlContainer.cpp
  SARibbonCustomizeData.cpp
  SARibbonCustomizeDialog.cpp
  SARibbonCustomizeWidget.cpp
  SARibbonDrawHelper.cpp
  SARibbonElementCreateDelegate.cpp
  SARibbonElementManager.cpp
  SARibbonGallery.cpp
  SARibbonGalleryGroup.cpp
  SARibbonGalleryItem.cpp
  SARibbonLineEdit.cpp
  SARibbonLineWidgetContainer.cpp
  SARibbonMainWindow.cpp
  SARibbonMenu.cpp
  SARibbonPannel.cpp
  SARibbonPannelItem.cpp
  SARibbonPannelLayout.cpp
  SARibbonPannelOptionButton.cpp
  SARibbonQuickAccessBar.cpp
  SARibbonSeparatorWidget.cpp
  SARibbonStackedWidget.cpp
  SARibbonStyleOption.cpp
  SARibbonTabBar.cpp
  SARibbonToolButton.cpp
  SAWindowButtonGroup.cpp
  qrc_resource.cpp
  moc_SAFramelessHelper.cpp
  moc_SARibbonActionsManager.cpp
  moc_SARibbonApplicationButton.cpp
  moc_SARibbonBar.cpp
  moc_SARibbonButtonGroupWidget.cpp
  moc_SARibbonCategory.cpp
  moc_SARibbonCategoryLayout.cpp
  moc_SARibbonCheckBox.cpp
  moc_SARibbonComboBox.cpp
  moc_SARibbonContextCategory.cpp
  moc_SARibbonControlButton.cpp
  moc_SARibbonCtrlContainer.cpp
  moc_SARibbonCustomizeDialog.cpp
  moc_SARibbonCustomizeWidget.cpp
  moc_SARibbonGallery.cpp
  moc_SARibbonGalleryGroup.cpp
  moc_SARibbonLineEdit.cpp
  moc_SARibbonMainWindow.cpp
  moc_SARibbonMenu.cpp
  moc_SARibbonPannel.cpp
  moc_SARibbonPannelLayout.cpp
  moc_SARibbonPannelOptionButton.cpp
  moc_SARibbonQuickAccessBar.cpp
  moc_SARibbonSeparatorWidget.cpp
  moc_SARibbonStackedWidget.cpp
  moc_SARibbonTabBar.cpp
  moc_SARibbonToolButton.cpp
  moc_SAWindowButtonGroup.cpp
    正在创建库 ..\..\bin_qt5.13.2_debug_64\\SARibbonBard.lib 和对象 ..\..\bin_qt5.13.2_debug_64\\SARibbonBard.exp
  SARibbonBar.vcxproj -> F:\宁波莱布尼茨项目\BrepCAD\src\SARibbonBar\..\..\bin_qt5.13.2_debug_64\SARibbonBard.dll
