  SAFramelessHelper.cpp
  SARibbonActionsManager.cpp
  SARibbonApplicationButton.cpp
  SARibbonBar.cpp
  SARibbonBarCommands.cpp
  SARibbonBarContainerExtension.cpp
  SARibbonBarContainerFactory.cpp
  SARibbonBarDesignerPlugin.cpp
  SARibbonBarTaskMenuExtension.cpp
  SARibbonBarTaskMenuFactory.cpp
  SARibbonButtonGroupWidget.cpp
  SARibbonCategory.cpp
  SARibbonCategoryContainerExtension.cpp
  SARibbonCategoryContainerFactory.cpp
  SARibbonCategoryDesignerPlugin.cpp
  SARibbonCategoryLayout.cpp
  SARibbonCategoryTaskMenuExtension.cpp
  SARibbonCheckBox.cpp
  SARibbonComboBox.cpp
  Header <QtDesigner/QDesignerCustomWidgetInterface> is deprecated. Please include <QtUiPlugin/QDesignerCustomWidgetInterface> instead.
  SARibbonContextCategory.cpp
  Header <QtDesigner/QDesignerCustomWidgetInterface> is deprecated. Please include <QtUiPlugin/QDesignerCustomWidgetInterface> instead.
f:\project\saribboncad\src\designerplugin\saribbonbardesignerplugin.cpp(157): warning C4189: “container”: 局部变量已初始化但不引用
  SARibbonControlButton.cpp
  SARibbonCtrlContainer.cpp
  SARibbonCustomizeData.cpp
  SARibbonCustomizeDialog.cpp
  SARibbonCustomizeWidget.cpp
  SARibbonDrawHelper.cpp
  SARibbonElementCreateDelegate.cpp
  SARibbonElementManager.cpp
  SARibbonGallery.cpp
  SARibbonGalleryGroup.cpp
  SARibbonGalleryItem.cpp
  SARibbonLineEdit.cpp
  SARibbonLineWidgetContainer.cpp
  SARibbonMainWindow.cpp
  SARibbonMainWindowContainerExtension.cpp
  SARibbonMainWindowContainerFactory.cpp
  SARibbonMainWindowDesignerPlugin.cpp
  Header <QtDesigner/QDesignerCustomWidgetInterface> is deprecated. Please include <QtUiPlugin/QDesignerCustomWidgetInterface> instead.
  SARibbonMainWindowTaskMenuExtension.cpp
  SARibbonMainWindowTaskMenuFactory.cpp
  SARibbonMenu.cpp
  SARibbonPannel.cpp
  SARibbonPannelDesignerPlugin.cpp
  Header <QtDesigner/QDesignerCustomWidgetInterface> is deprecated. Please include <QtUiPlugin/QDesignerCustomWidgetInterface> instead.
  SARibbonPannelItem.cpp
  SARibbonPannelLayout.cpp
  SARibbonPannelOptionButton.cpp
  SARibbonPannelTaskMenuExtension.cpp
  SARibbonPluginCollection.cpp
  Header <QtDesigner/QDesignerCustomWidgetInterface> is deprecated. Please include <QtUiPlugin/QDesignerCustomWidgetInterface> instead.
  SARibbonPluginDebugHelper.cpp
  SARibbonQuickAccessBar.cpp
  SARibbonSeparatorWidget.cpp
  SARibbonStackedWidget.cpp
  SARibbonStyleOption.cpp
  SARibbonTabBar.cpp
  SARibbonToolButton.cpp
  SAWindowButtonGroup.cpp
  qrc_icon.cpp
  qrc_resource.cpp
  moc_SAFramelessHelper.cpp
  moc_SARibbonActionsManager.cpp
  moc_SARibbonApplicationButton.cpp
  moc_SARibbonBar.cpp
  moc_SARibbonBarContainerExtension.cpp
  moc_SARibbonBarContainerFactory.cpp
  moc_SARibbonBarDesignerPlugin.cpp
  moc_SARibbonBarTaskMenuExtension.cpp
  moc_SARibbonBarTaskMenuFactory.cpp
  moc_SARibbonButtonGroupWidget.cpp
  moc_SARibbonCategory.cpp
  moc_SARibbonCategoryContainerExtension.cpp
  moc_SARibbonCategoryContainerFactory.cpp
  moc_SARibbonCategoryDesignerPlugin.cpp
  moc_SARibbonCategoryLayout.cpp
  moc_SARibbonCategoryTaskMenuExtension.cpp
  moc_SARibbonCheckBox.cpp
  moc_SARibbonComboBox.cpp
  moc_SARibbonContextCategory.cpp
  moc_SARibbonControlButton.cpp
  Header <QtDesigner/QDesignerCustomWidgetInterface> is deprecated. Please include <QtUiPlugin/QDesignerCustomWidgetInterface> instead.
  Header <QtDesigner/QDesignerCustomWidgetInterface> is deprecated. Please include <QtUiPlugin/QDesignerCustomWidgetInterface> instead.
  moc_SARibbonCtrlContainer.cpp
  moc_SARibbonCustomizeDialog.cpp
  moc_SARibbonCustomizeWidget.cpp
  moc_SARibbonGallery.cpp
  moc_SARibbonGalleryGroup.cpp
  moc_SARibbonLineEdit.cpp
  moc_SARibbonMainWindow.cpp
  moc_SARibbonMainWindowContainerExtension.cpp
  moc_SARibbonMainWindowContainerFactory.cpp
  moc_SARibbonMainWindowDesignerPlugin.cpp
  moc_SARibbonMainWindowTaskMenuExtension.cpp
  moc_SARibbonMainWindowTaskMenuFactory.cpp
  moc_SARibbonMenu.cpp
  moc_SARibbonPannel.cpp
  Header <QtDesigner/QDesignerCustomWidgetInterface> is deprecated. Please include <QtUiPlugin/QDesignerCustomWidgetInterface> instead.
  moc_SARibbonPannelDesignerPlugin.cpp
  moc_SARibbonPannelLayout.cpp
  moc_SARibbonPannelOptionButton.cpp
  moc_SARibbonPannelTaskMenuExtension.cpp
  moc_SARibbonPluginCollection.cpp
  moc_SARibbonQuickAccessBar.cpp
  Header <QtDesigner/QDesignerCustomWidgetInterface> is deprecated. Please include <QtUiPlugin/QDesignerCustomWidgetInterface> instead.
  Header <QtDesigner/QDesignerCustomWidgetInterface> is deprecated. Please include <QtUiPlugin/QDesignerCustomWidgetInterface> instead.
  moc_SARibbonSeparatorWidget.cpp
  moc_SARibbonStackedWidget.cpp
  moc_SARibbonTabBar.cpp
  moc_SARibbonToolButton.cpp
  moc_SAWindowButtonGroup.cpp
F:\Program Files\Microsoft Visual Studio\2022\Community\MSBuild\Microsoft\VC\v150\Microsoft.CppBuild.targets(1216,5): warning MSB8012: TargetPath(F:\project\SARibbonCAD\src\DesignerPlugin\..\..\bin_qt5.14.2_release_64\SARibbonBarDesignerPlugin.exe) 与 Linker 的 OutputFile 属性值(F:\project\SARibbonCAD\bin_qt5.14.2_release_64\SARibbonBarDesignerPlugin.dll)不匹配。这可能导致项目生成不正确。若要更正此问题，请确保 $(OutDir)、$(TargetName) 和 $(TargetExt) 属性值与 %(Link.OutputFile) 中指定的值匹配。
F:\Program Files\Microsoft Visual Studio\2022\Community\MSBuild\Microsoft\VC\v150\Microsoft.CppBuild.targets(1217,5): warning MSB8012: TargetExt(.exe) 与 Linker 的 OutputFile 属性值(.dll)不匹配。这可能导致项目生成不正确。若要更正此问题，请确保 $(OutDir)、$(TargetName) 和 $(TargetExt) 属性值与 %(Link.OutputFile) 中指定的值匹配。
    正在创建库 ..\..\bin_qt5.14.2_release_64\\SARibbonBarDesignerPlugin.lib 和对象 ..\..\bin_qt5.14.2_release_64\\SARibbonBarDesignerPlugin.exp
  DesignerPlugin.vcxproj -> F:\project\SARibbonCAD\src\DesignerPlugin\..\..\bin_qt5.14.2_release_64\SARibbonBarDesignerPlugin.exe
  copy /y F:\project\SARibbonCAD\bin_qt5.14.2_release_64\SARibbonBarDesignerPlugin.dll D:\Qt\Qt5.14.2\5.14.2\msvc2017_64\plugins\designer\SARibbonBarDesignerPlugin.dll
  已复制         1 个文件。
