d:\project\brepcad\src\occview\debug\occqt.pdb
d:\project\brepcad\src\occview\debug\qrc_occqt.obj
d:\project\brepcad\src\occview\debug\occqt.obj
d:\project\brepcad\src\occview\debug\occview.obj
d:\project\brepcad\src\occview\debug\main.obj
d:\project\brepcad\src\occview\debug\moc_occview.obj
d:\project\brepcad\src\occview\debug\moc_occqt.obj
d:\project\brepcad\src\occview\debug\moc_predefs.h
d:\project\brepcad\src\occview\debug\occqt.lib
d:\project\brepcad\src\occview\debug\moc_occqt.cpp
d:\project\brepcad\src\occview\debug\moc_occview.cpp
d:\project\brepcad\src\occview\ui_occqt.h
d:\project\brepcad\src\occview\debug\qrc_occqt.cpp
d:\project\brepcad\src\occview\debug\occqt.tlog\cl.command.1.tlog
d:\project\brepcad\src\occview\debug\occqt.tlog\cl.read.1.tlog
d:\project\brepcad\src\occview\debug\occqt.tlog\cl.write.1.tlog
d:\project\brepcad\src\occview\debug\occqt.tlog\custombuild.command.1.tlog
d:\project\brepcad\src\occview\debug\occqt.tlog\custombuild.read.1.tlog
d:\project\brepcad\src\occview\debug\occqt.tlog\custombuild.write.1.tlog
d:\project\brepcad\src\occview\debug\occqt.tlog\lib-link.read.1.tlog
d:\project\brepcad\src\occview\debug\occqt.tlog\lib-link.write.1.tlog
d:\project\brepcad\src\occview\debug\occqt.tlog\lib.command.1.tlog
d:\project\brepcad\src\occview\debug\occqt.tlog\moc.read.1u.tlog
d:\project\brepcad\src\occview\debug\occqt.tlog\moc.write.1u.tlog
d:\project\brepcad\src\occview\debug\occqt.tlog\occqt.write.1u.tlog
d:\project\brepcad\src\occview\debug\occqt.tlog\rcc.read.1u.tlog
d:\project\brepcad\src\occview\debug\occqt.tlog\rcc.write.1u.tlog
d:\project\brepcad\src\occview\debug\occqt.tlog\uic.read.1u.tlog
d:\project\brepcad\src\occview\debug\occqt.tlog\uic.write.1u.tlog
